TN:
SF:script/Counter.s.sol
FN:7,CounterScript.setUp
FNDA:0,CounterScript.setUp
FN:9,CounterScript.run
FNDA:0,CounterScript.run
DA:10,0
FNF:2
FNH:0
LF:1
LH:0
BRF:0
BRH:0
end_of_record
TN:
SF:src/Basket.sol
FN:125,Basket.initialize
FNDA:8,Basket.initialize
DA:134,8
BRDA:134,0,0,1
BRDA:134,0,1,7
DA:137,7
BRDA:137,1,0,-
BRDA:137,1,1,10
DA:138,5
DA:139,10
DA:140,10
DA:143,10
DA:148,7
DA:149,7
DA:151,7
DA:152,7
DA:154,7
FN:164,Basket.batchDepositTNFT
FNDA:268,Basket.batchDepositTNFT
DA:165,268
DA:166,268
BRDA:166,2,0,1
BRDA:166,2,1,267
DA:168,267
DA:170,267
DA:171,15522
DA:173,15522
FN:181,Basket.depositTNFT
FNDA:13962,Basket.depositTNFT
DA:182,13962
FN:189,Basket._depositTNFT
FNDA:29484,Basket._depositTNFT
DA:190,29484
BRDA:190,3,0,-
BRDA:190,3,1,29484
DA:191,29484
BRDA:191,4,0,-
BRDA:191,4,1,29484
DA:194,29484
DA:197,29484
DA:198,29484
DA:199,29484
DA:200,29484
DA:201,29484
BRDA:201,5,0,2843
BRDA:201,5,1,29484
DA:202,2843
DA:206,29484
DA:207,29484
BRDA:207,6,0,4
BRDA:207,6,1,16
DA:208,10
DA:209,20
DA:211,20
DA:212,20
BRDA:212,7,0,16
BRDA:212,7,1,20
DA:214,20
BRDA:214,8,0,4
BRDA:214,8,1,16
DA:216,16
DA:222,29480
DA:225,29480
DA:226,29480
BRDA:226,9,0,-
BRDA:226,9,1,29480
DA:229,29480
DA:230,29480
DA:233,29480
BRDA:233,10,0,4
BRDA:233,10,1,29480
DA:234,4
DA:238,29480
DA:241,29480
DA:243,29480
FN:249,Basket.redeemTNFT
FNDA:9,Basket.redeemTNFT
DA:252,9
DA:253,9
BRDA:253,11,0,-
BRDA:253,11,1,9
DA:254,9
DA:257,9
DA:258,9
DA:261,9
DA:262,9
DA:265,9
BRDA:265,12,0,-
BRDA:265,12,1,9
DA:266,9
BRDA:266,13,0,-
BRDA:266,13,1,9
DA:268,9
FN:274,Basket.redeemRandomTNFT
FNDA:8,Basket.redeemRandomTNFT
DA:275,8
DA:276,8
BRDA:276,14,0,1
BRDA:276,14,1,7
DA:277,7
BRDA:277,15,0,1
BRDA:277,15,1,6
DA:279,6
DA:280,6
BRDA:280,16,0,-
BRDA:280,16,1,6
DA:282,6
DA:284,6
DA:285,6
DA:287,6
FN:293,Basket.fulfillRandomRedeem
FNDA:5,Basket.fulfillRandomRedeem
DA:294,5
DA:295,5
DA:297,5
DA:298,5
DA:301,5
DA:302,5
DA:305,17
DA:309,17
DA:313,17
DA:316,17
BRDA:316,17,0,-
BRDA:316,17,1,17
DA:317,17
DA:329,17
DA:333,5
DA:334,5
BRDA:334,18,0,-
BRDA:334,18,1,5
DA:337,5
DA:338,17
DA:340,17
BRDA:340,19,0,-
BRDA:340,19,1,8
DA:341,8
DA:342,8
DA:343,8
DA:347,17
DA:352,5
DA:362,5
FN:368,Basket._redeemTNFT
FNDA:14,Basket._redeemTNFT
DA:376,14
BRDA:376,20,0,-
BRDA:376,20,1,14
DA:377,14
BRDA:377,21,0,-
BRDA:377,21,1,14
DA:380,14
DA:382,14
DA:383,14
DA:384,14
DA:385,14
DA:387,14
DA:388,14
DA:389,14
DA:391,14
BRDA:391,22,0,-
BRDA:391,22,1,6
DA:392,6
DA:393,6
DA:394,6
DA:398,14
BRDA:398,23,0,-
BRDA:398,23,1,2
DA:401,6
DA:407,14
DA:409,14
DA:410,14
DA:412,14
FN:418,Basket.onERC721Received
FNDA:29480,Basket.onERC721Received
DA:419,29480
FN:422,Basket.getDepositedTnfts
FNDA:1062,Basket.getDepositedTnfts
DA:423,1062
FN:426,Basket.getTnftsSupported
FNDA:1054,Basket.getTnftsSupported
DA:427,1054
FN:430,Basket.getTokenIdLibrary
FNDA:2828,Basket.getTokenIdLibrary
DA:431,2828
FN:434,Basket.getSupportedFeatures
FNDA:2,Basket.getSupportedFeatures
DA:435,2
FN:445,Basket.checkBudget
FNDA:2,Basket.checkBudget
DA:446,8
DA:447,8
DA:449,8
DA:452,26
DA:454,26
DA:456,26
DA:458,26
BRDA:458,24,0,-
BRDA:458,24,1,22
DA:459,22
DA:468,22
DA:473,26
DA:477,8
FN:484,Basket.getSharePrice
FNDA:13944,Basket.getSharePrice
DA:485,43476
BRDA:485,25,0,799
BRDA:485,25,1,42677
DA:487,799
DA:490,42677
DA:492,42677
DA:494,42677
BRDA:494,26,0,-
BRDA:494,26,1,42677
FN:497,Basket.getTotalValueOfBasket
FNDA:13948,Basket.getTotalValueOfBasket
DA:505,56625
DA:508,56625
FN:515,Basket.getRentBal
FNDA:6,Basket.getRentBal
DA:516,56683
DA:519,56683
DA:520,233860
DA:522,233860
DA:523,233860
DA:525,233860
DA:526,3053389
BRDA:526,27,0,-
BRDA:526,27,1,4209
DA:527,4209
DA:532,3053389
DA:536,233860
DA:540,56683
FN:551,Basket._redeemRent
FNDA:4,Basket._redeemRent
DA:563,4
DA:566,4
DA:567,4
DA:570,4
BRDA:570,28,0,-
BRDA:570,28,1,4
DA:573,4
BRDA:573,29,0,-
BRDA:573,29,1,1
DA:576,1
DA:577,1
DA:580,1
DA:581,1
DA:584,1
DA:585,1
DA:588,1
DA:589,1
DA:591,1
DA:592,1
DA:596,1
DA:601,2
DA:602,1
DA:603,1
DA:604,1
BRDA:604,30,0,-
BRDA:604,30,1,1
DA:605,0
DA:608,1
DA:611,1
DA:612,1
DA:614,1
DA:615,1
BRDA:615,31,0,-
BRDA:615,31,1,1
DA:621,4
BRDA:621,32,0,-
BRDA:621,32,1,4
FN:627,Basket._getTnftNativeValue
FNDA:29532,Basket._getTnftNativeValue
DA:628,29532
DA:630,29532
DA:632,29532
DA:634,29532
DA:635,29532
DA:637,29532
DA:638,29532
DA:640,29532
FN:646,Basket._getUSDValue
FNDA:29532,Basket._getUSDValue
DA:647,29532
DA:650,29532
DA:651,29532
FN:657,Basket._getUsdExchangeRate
FNDA:29532,Basket._getUsdExchangeRate
DA:658,29532
DA:659,29532
DA:661,29532
DA:662,29532
BRDA:662,33,0,-
BRDA:662,33,1,29532
DA:664,29532
FN:667,Basket._getBasketVrfConsumer
FNDA:11,Basket._getBasketVrfConsumer
DA:668,11
FN:674,Basket._isDepositedTnft
FNDA:14,Basket._isDepositedTnft
DA:675,14
DA:676,23
BRDA:676,34,0,14
BRDA:676,34,1,9
DA:678,9
DA:681,0
FN:687,Basket._isSupportedTnft
FNDA:29490,Basket._isSupportedTnft
DA:688,29490
DA:689,118794
BRDA:689,35,0,26647
BRDA:689,35,1,92147
DA:691,92147
DA:694,2843
FN:700,Basket._isTokenIdLibrary
FNDA:14,Basket._isTokenIdLibrary
DA:701,14
DA:702,23
BRDA:702,36,0,14
BRDA:702,36,1,9
DA:704,9
DA:707,0
FNF:25
FNH:25
LF:197
LH:194
BRF:74
BRH:50
end_of_record
TN:
SF:src/BasketsManager.sol
FN:95,BasketManager.deployBasket
FNDA:4,BasketManager.deployBasket
DA:105,4
BRDA:105,0,0,-
BRDA:105,0,1,4
DA:108,4
BRDA:108,1,0,-
BRDA:108,1,1,4
DA:111,4
DA:112,4
DA:113,4
BRDA:113,2,0,-
BRDA:113,2,1,4
DA:116,4
DA:119,4
BRDA:119,3,0,1
BRDA:119,3,1,3
DA:122,3
DA:123,4
BRDA:123,4,0,-
BRDA:123,4,1,4
DA:125,4
DA:130,3
DA:144,3
DA:145,3
DA:146,3
DA:149,3
DA:150,4
DA:151,4
DA:153,4
DA:158,3
DA:160,3
DA:161,3
FN:168,BasketManager.setBasketsVrfConsumer
FNDA:2,BasketManager.setBasketsVrfConsumer
DA:169,2
BRDA:169,5,0,1
BRDA:169,5,1,1
DA:170,1
FN:177,BasketManager.setFeatureLimit
FNDA:2,BasketManager.setFeatureLimit
DA:178,2
BRDA:178,6,0,1
BRDA:178,6,1,1
DA:179,1
FN:186,BasketManager.getBasketsArray
FNDA:6,BasketManager.getBasketsArray
DA:187,6
FN:193,BasketManager.onERC721Received
FNDA:4,BasketManager.onERC721Received
DA:194,4
FN:207,BasketManager.checkBasketAvailability
FNDA:0,BasketManager.checkBasketAvailability
DA:208,4
DA:209,1
BRDA:209,7,0,1
BRDA:209,7,1,-
DA:211,0
DA:214,3
FN:222,BasketManager.createHash
FNDA:0,BasketManager.createHash
DA:223,4
FN:227,BasketManager.addBasket
FNDA:0,BasketManager.addBasket
DA:228,0
BRDA:228,8,0,-
BRDA:228,8,1,-
DA:230,0
DA:231,0
FN:235,BasketManager.sort
FNDA:9,BasketManager.sort
DA:236,9
FNF:9
FNH:6
LF:36
LH:32
BRF:18
BRH:11
end_of_record
TN:
SF:src/BasketsVrfConsumer.sol
FN:73,BasketsVrfConsumer.initialize
FNDA:0,BasketsVrfConsumer.initialize
DA:74,0
DA:75,0
DA:77,0
DA:78,0
DA:80,0
DA:81,0
FN:92,BasketsVrfConsumer.makeRequestForRandomWords
FNDA:6,BasketsVrfConsumer.makeRequestForRandomWords
DA:93,6
DA:96,6
DA:105,6
DA:107,6
FN:117,BasketsVrfConsumer.fulfillRandomWords
FNDA:5,BasketsVrfConsumer.fulfillRandomWords
DA:118,5
BRDA:118,0,0,-
BRDA:118,0,1,5
DA:120,5
DA:121,5
DA:123,5
DA:125,5
DA:126,5
FNF:3
FNH:2
LF:16
LH:10
BRF:2
BRH:1
end_of_record
TN:
SF:src/abstract/Owned.sol
FN:38,Owned2Step.pushOwnership
FNDA:0,Owned2Step.pushOwnership
DA:39,0
BRDA:39,0,0,-
BRDA:39,0,1,-
DA:40,0
FN:46,Owned2Step.pullOwnership
FNDA:0,Owned2Step.pullOwnership
DA:47,0
BRDA:47,1,0,-
BRDA:47,1,1,-
DA:48,0
DA:49,0
FN:52,Owned2Step._onlyOwner
FNDA:0,Owned2Step._onlyOwner
DA:53,0
BRDA:53,2,0,-
BRDA:53,2,1,-
FNF:3
FNH:0
LF:6
LH:0
BRF:6
BRH:0
end_of_record
TN:
SF:src/abstract/VRFConsumerBaseV2Upgradeable.sol
FN:106,VRFConsumerBaseV2Upgradeable.__VRFConsumerBase_init
FNDA:0,VRFConsumerBaseV2Upgradeable.__VRFConsumerBase_init
DA:107,0
FN:129,VRFConsumerBaseV2Upgradeable.rawFulfillRandomWords
FNDA:5,VRFConsumerBaseV2Upgradeable.rawFulfillRandomWords
DA:130,5
BRDA:130,0,0,-
BRDA:130,0,1,5
DA:131,0
DA:133,5
FNF:2
FNH:1
LF:4
LH:2
BRF:2
BRH:1
end_of_record
TN:
SF:src/libraries/ArrayUtils.sol
FN:17,ArrayUtils.sort
FNDA:0,ArrayUtils.sort
DA:18,0
DA:19,0
DA:20,0
DA:23,0
DA:24,0
DA:26,0
DA:31,0
DA:32,0
DA:36,0
FNF:1
FNH:0
LF:9
LH:0
BRF:0
BRH:0
end_of_record
TN:
SF:src/proxy/BasketBeaconProxy.sol
FN:37,BasketBeaconProxy._beacon
FNDA:0,BasketBeaconProxy._beacon
DA:38,0
FN:44,BasketBeaconProxy._implementation
FNDA:32,BasketBeaconProxy._implementation
DA:45,32
FN:58,BasketBeaconProxy._setBeacon
FNDA:0,BasketBeaconProxy._setBeacon
DA:59,0
FN:65,BasketBeaconProxy.implementation
FNDA:2,BasketBeaconProxy.implementation
DA:66,2
FN:72,BasketBeaconProxy.getBeacon
FNDA:2,BasketBeaconProxy.getBeacon
DA:73,2
FNF:5
FNH:3
LF:5
LH:3
BRF:0
BRH:0
end_of_record
TN:
SF:src/proxy/UpgradeableBeacon.sol
FN:35,UpgradeableBeacon.implementation
FNDA:45,UpgradeableBeacon.implementation
DA:36,45
FN:49,UpgradeableBeacon.upgradeTo
FNDA:0,UpgradeableBeacon.upgradeTo
DA:50,0
DA:51,0
FN:61,UpgradeableBeacon._setImplementation
FNDA:0,UpgradeableBeacon._setImplementation
DA:62,0
BRDA:62,0,0,-
BRDA:62,0,1,-
DA:63,0
FNF:3
FNH:1
LF:5
LH:1
BRF:2
BRH:0
end_of_record
TN:
SF:test/BeaconProxies.t.sol
FN:17,CounterContract.initialize
FNDA:2,CounterContract.initialize
DA:18,2
FN:21,CounterContract.increment
FNDA:2,CounterContract.increment
DA:22,2
FNF:2
FNH:2
LF:2
LH:2
BRF:0
BRH:0
end_of_record
TN:
SF:test/utils/Utility.sol
FN:75,Utility._asSingletonArrayUint
FNDA:0,Utility._asSingletonArrayUint
DA:76,0
DA:77,0
DA:79,0
FN:83,Utility._asSingletonArrayAddress
FNDA:0,Utility._asSingletonArrayAddress
DA:84,0
DA:85,0
DA:87,0
FN:91,Utility._asSingletonArrayString
FNDA:0,Utility._asSingletonArrayString
DA:92,0
DA:93,0
DA:95,0
FNF:3
FNH:0
LF:9
LH:0
BRF:0
BRH:0
end_of_record
TN:
SF:test/utils/VRFCoordinatorV2Mock.sol
FN:59,VRFCoordinatorV2Mock.consumerIsAdded
FNDA:0,VRFCoordinatorV2Mock.consumerIsAdded
DA:60,6
DA:61,6
DA:62,6
BRDA:62,0,0,6
BRDA:62,0,1,-
DA:63,6
DA:66,0
FN:87,VRFCoordinatorV2Mock.fulfillRandomWords
FNDA:0,VRFCoordinatorV2Mock.fulfillRandomWords
DA:88,0
FN:98,VRFCoordinatorV2Mock.fulfillRandomWordsWithOverride
FNDA:0,VRFCoordinatorV2Mock.fulfillRandomWordsWithOverride
DA:103,0
DA:104,0
BRDA:104,1,0,-
BRDA:104,1,1,-
DA:105,0
DA:107,0
DA:109,0
BRDA:109,2,0,-
BRDA:109,2,1,-
DA:110,0
DA:111,0
DA:112,0
DA:114,0
BRDA:114,3,0,-
BRDA:114,3,1,-
DA:115,0
DA:118,0
DA:119,0
DA:120,0
DA:122,0
DA:123,0
BRDA:123,4,0,-
BRDA:123,4,1,-
DA:124,0
DA:126,0
DA:127,0
DA:128,0
FN:137,VRFCoordinatorV2Mock.fundSubscription
FNDA:0,VRFCoordinatorV2Mock.fundSubscription
DA:138,0
BRDA:138,5,0,-
BRDA:138,5,1,-
DA:139,0
DA:141,0
DA:142,0
DA:143,0
FN:146,VRFCoordinatorV2Mock.requestRandomWords
FNDA:6,VRFCoordinatorV2Mock.requestRandomWords
DA:153,6
BRDA:153,6,0,-
BRDA:153,6,1,6
DA:154,0
DA:157,6
DA:158,6
DA:160,6
DA:162,6
DA:172,6
FN:175,VRFCoordinatorV2Mock.createSubscription
FNDA:0,VRFCoordinatorV2Mock.createSubscription
DA:176,0
DA:177,0
DA:178,0
DA:179,0
FN:182,VRFCoordinatorV2Mock.getSubscription
FNDA:0,VRFCoordinatorV2Mock.getSubscription
DA:193,0
BRDA:193,7,0,-
BRDA:193,7,1,-
DA:194,0
DA:196,0
FN:199,VRFCoordinatorV2Mock.cancelSubscription
FNDA:0,VRFCoordinatorV2Mock.cancelSubscription
DA:200,0
DA:201,0
FN:215,VRFCoordinatorV2Mock.getRequestConfig
FNDA:0,VRFCoordinatorV2Mock.getRequestConfig
DA:225,0
FN:228,VRFCoordinatorV2Mock.addConsumer
FNDA:0,VRFCoordinatorV2Mock.addConsumer
DA:229,0
BRDA:229,8,0,-
BRDA:229,8,1,-
DA:230,0
DA:233,0
BRDA:233,9,0,-
BRDA:233,9,1,-
DA:234,0
DA:237,0
DA:238,0
FN:241,VRFCoordinatorV2Mock.removeConsumer
FNDA:0,VRFCoordinatorV2Mock.removeConsumer
DA:247,0
DA:248,0
DA:249,0
BRDA:249,10,0,-
BRDA:249,10,1,-
DA:250,0
DA:251,0
DA:252,0
DA:253,0
DA:257,0
FN:260,VRFCoordinatorV2Mock.getConfig
FNDA:0,VRFCoordinatorV2Mock.getConfig
DA:270,0
FN:273,VRFCoordinatorV2Mock.getFeeConfig
FNDA:0,VRFCoordinatorV2Mock.getFeeConfig
DA:288,0
FN:301,VRFCoordinatorV2Mock.getFallbackWeiPerUnitLink
FNDA:0,VRFCoordinatorV2Mock.getFallbackWeiPerUnitLink
DA:302,0
FN:305,VRFCoordinatorV2Mock.requestSubscriptionOwnerTransfer
FNDA:0,VRFCoordinatorV2Mock.requestSubscriptionOwnerTransfer
DA:306,0
FN:309,VRFCoordinatorV2Mock.acceptSubscriptionOwnerTransfer
FNDA:0,VRFCoordinatorV2Mock.acceptSubscriptionOwnerTransfer
DA:310,0
FN:313,VRFCoordinatorV2Mock.pendingRequestExists
FNDA:0,VRFCoordinatorV2Mock.pendingRequestExists
DA:314,0
FNF:17
FNH:1
LF:67
LH:10
BRF:22
BRH:2
end_of_record
