TN:
SF:script/mumbai/CreateBasketMumbai.s.sol
FN:48,CreateBasketMumbai.setUp
FNDA:0,CreateBasketMumbai.setUp
DA:50,0
DA:51,0
FN:54,CreateBasketMumbai.run
FNDA:0,CreateBasketMumbai.run
DA:56,0
DA:61,0
DA:64,0
DA:67,0
DA:79,0
DA:80,0
DA:82,0
FN:88,CreateBasketMumbai._asSingletonArrayUint
FNDA:0,CreateBasketMumbai._asSingletonArrayUint
DA:89,0
DA:90,0
DA:92,0
FN:96,CreateBasketMumbai._asSingletonArrayAddress
FNDA:0,CreateBasketMumbai._asSingletonArrayAddress
DA:97,0
DA:98,0
DA:100,0
FNF:4
FNH:0
LF:15
LH:0
BRF:0
BRH:0
end_of_record
TN:
SF:script/mumbai/DeployBasketManagerToMumbai.s.sol
FN:32,DeployBasketManagerToMumbai.setUp
FNDA:0,DeployBasketManagerToMumbai.setUp
DA:34,0
DA:35,0
FN:38,DeployBasketManagerToMumbai.run
FNDA:0,DeployBasketManagerToMumbai.run
DA:40,0
DA:43,0
DA:50,0
DA:52,0
FNF:2
FNH:0
LF:6
LH:0
BRF:0
BRH:0
end_of_record
TN:
SF:script/mumbai/DeployBasketToMumbai.s.sol
FN:32,DeployBasketToMumbai.setUp
FNDA:0,DeployBasketToMumbai.setUp
DA:34,0
DA:35,0
FN:38,DeployBasketToMumbai.run
FNDA:0,DeployBasketToMumbai.run
DA:40,0
DA:43,0
DA:50,0
DA:52,0
FNF:2
FNH:0
LF:6
LH:0
BRF:0
BRH:0
end_of_record
TN:
SF:script/mumbai/DeployToMumbai.s.sol
FN:57,DeployToMumbai.setUp
FNDA:0,DeployToMumbai.setUp
DA:59,0
DA:60,0
FN:63,DeployToMumbai.run
FNDA:0,DeployToMumbai.run
DA:65,0
DA:69,0
DA:71,0
DA:73,0
DA:76,0
DA:79,0
DA:82,0
DA:91,0
DA:94,0
DA:105,0
DA:109,0
DA:110,0
DA:111,0
DA:112,0
DA:113,0
DA:114,0
DA:116,0
FNF:2
FNH:0
LF:19
LH:0
BRF:0
BRH:0
end_of_record
TN:
SF:src/Basket.sol
FN:186,Basket.initialize
FNDA:8,Basket.initialize
DA:196,8
BRDA:196,0,0,-
BRDA:196,0,1,-
DA:199,8
DA:200,10
DA:201,10
DA:204,10
DA:208,8
DA:209,8
DA:211,8
DA:212,8
DA:214,8
DA:216,8
DA:217,8
DA:219,8
FN:234,Basket.batchDepositTNFT
FNDA:1037,Basket.batchDepositTNFT
DA:235,1037
DA:236,1037
BRDA:236,1,0,-
BRDA:236,1,1,-
DA:238,1036
DA:240,1036
DA:241,54783
DA:243,54783
FN:254,Basket.depositTNFT
FNDA:13948,Basket.depositTNFT
DA:255,13948
FN:264,Basket.redeemTNFT
FNDA:1031,Basket.redeemTNFT
DA:265,1031
FN:273,Basket.fulfillRandomSeed
FNDA:259,Basket.fulfillRandomSeed
DA:277,259
DA:278,259
DA:280,259
DA:281,259
DA:283,259
DA:284,259
DA:286,259
DA:287,259
FN:295,Basket.sendRequestForSeed
FNDA:257,Basket.sendRequestForSeed
DA:296,257
FN:303,Basket._sendRequestForSeed
FNDA:1286,Basket._sendRequestForSeed
DA:304,1286
BRDA:304,2,0,772
BRDA:304,2,1,-
DA:305,772
DA:307,772
DA:309,772
DA:310,772
FN:320,Basket.notify
FNDA:1,Basket.notify
DA:328,1
BRDA:328,3,0,-
BRDA:328,3,1,-
DA:332,1
DA:333,1
DA:335,1
DA:336,1
DA:338,1
FN:345,Basket.withdrawRent
FNDA:258,Basket.withdrawRent
DA:346,258
BRDA:346,4,0,-
BRDA:346,4,1,-
DA:349,257
BRDA:349,5,0,257
BRDA:349,5,1,-
DA:352,257
DA:353,257
DA:356,257
DA:357,1025
DA:360,1025
DA:363,1025
DA:364,10241
DA:366,10241
BRDA:366,6,0,10241
BRDA:366,6,1,10241
DA:367,10241
DA:369,10241
DA:373,10241
DA:377,1025
DA:382,257
DA:383,10498
DA:385,10241
DA:386,10241
DA:388,10241
BRDA:388,7,0,10241
BRDA:388,7,1,-
DA:390,10241
DA:391,10241
DA:393,10241
BRDA:393,8,0,10241
BRDA:393,8,1,-
DA:397,10241
DA:403,257
BRDA:403,9,0,257
BRDA:403,9,1,-
FN:413,Basket.getQuoteIn
FNDA:13922,Basket.getQuoteIn
DA:415,13922
DA:416,13922
BRDA:416,10,0,-
BRDA:416,10,1,-
DA:419,13922
FN:428,Basket.getQuoteOut
FNDA:257,Basket.getQuoteOut
DA:430,257
DA:431,257
BRDA:431,11,0,-
BRDA:431,11,1,-
DA:434,257
FN:442,Basket.getRentBal
FNDA:775,Basket.getRentBal
DA:443,775
FN:449,Basket.getDepositedTnfts
FNDA:1044,Basket.getDepositedTnfts
DA:450,1044
FN:456,Basket.getTnftsSupported
FNDA:1037,Basket.getTnftsSupported
DA:457,1037
FN:464,Basket.getTokenIdLibrary
FNDA:3236,Basket.getTokenIdLibrary
DA:465,3236
FN:471,Basket.getSupportedFeatures
FNDA:0,Basket.getSupportedFeatures
DA:472,0
FN:478,Basket.onERC721Received
FNDA:68726,Basket.onERC721Received
DA:479,68726
FN:491,Basket.rebase
FNDA:13,Basket.rebase
DA:492,13
DA:493,13
DA:495,13
DA:496,13
DA:498,13
DA:500,13
DA:502,13
DA:503,13
FN:510,Basket.getSharePrice
FNDA:13933,Basket.getSharePrice
DA:511,13933
BRDA:511,12,0,13932
BRDA:511,12,1,1
DA:513,1
DA:516,13932
FN:523,Basket.getTotalValueOfBasket
FNDA:109260,Basket.getTotalValueOfBasket
DA:526,109260
DA:530,109260
FN:540,Basket.isCompatibleTnft
FNDA:68731,Basket.isCompatibleTnft
DA:542,68731
BRDA:542,13,0,68731
BRDA:542,13,1,-
DA:544,68731
DA:547,68731
DA:549,26
DA:550,26
BRDA:550,14,0,22
BRDA:550,14,1,4
DA:553,22
DA:558,68727
BRDA:558,15,0,3
BRDA:558,15,1,-
DA:560,3
DA:562,3
DA:563,3
DA:565,3
BRDA:565,16,0,2
BRDA:565,16,1,1
DA:568,68726
FN:585,Basket._depositTNFT
FNDA:68731,Basket._depositTNFT
DA:586,68731
BRDA:586,17,0,-
BRDA:586,17,1,-
DA:589,68731
BRDA:589,18,0,-
BRDA:589,18,1,-
DA:592,68726
DA:595,68726
DA:596,68726
BRDA:596,19,0,-
BRDA:596,19,1,-
DA:600,68726
DA:601,68726
DA:603,68726
DA:604,68726
DA:606,68726
DA:607,68726
BRDA:607,20,0,68726
BRDA:607,20,1,5815
DA:608,5815
DA:612,68726
DA:615,68726
DA:617,68726
BRDA:617,21,0,68726
BRDA:617,21,1,-
DA:618,68726
DA:623,68726
DA:626,68726
BRDA:626,22,0,68726
BRDA:626,22,1,-
DA:627,8
DA:631,68718
DA:632,68718
DA:638,68726
DA:641,68726
DA:643,68726
BRDA:643,23,0,68726
BRDA:643,23,1,-
DA:644,30
DA:646,30
DA:650,30
BRDA:650,24,0,30
BRDA:650,24,1,-
DA:651,30
BRDA:651,25,0,30
BRDA:651,25,1,-
DA:657,68726
DA:661,68726
DA:665,68726
BRDA:665,26,0,1816
BRDA:665,26,1,-
DA:666,1816
BRDA:666,27,0,1816
BRDA:666,27,1,-
DA:668,1816
DA:673,0
DA:677,68726
FN:685,Basket._redeemTNFT
FNDA:1031,Basket._redeemTNFT
DA:689,1031
BRDA:689,28,0,-
BRDA:689,28,1,-
DA:690,1030
BRDA:690,29,0,-
BRDA:690,29,1,-
DA:691,1030
BRDA:691,30,0,-
BRDA:691,30,1,-
DA:693,1030
DA:694,1030
DA:695,1030
DA:696,1030
DA:698,1030
DA:700,1030
BRDA:700,31,0,-
BRDA:700,31,1,-
DA:701,1030
BRDA:701,32,0,-
BRDA:701,32,1,-
DA:704,1029
DA:706,1029
DA:707,1029
DA:708,1029
DA:709,1029
DA:711,1029
DA:712,1029
DA:713,1029
DA:715,1029
BRDA:715,33,0,1029
BRDA:715,33,1,514
DA:716,514
DA:717,514
DA:718,514
DA:721,1029
DA:724,1029
BRDA:724,34,0,1029
BRDA:724,34,1,-
DA:725,513
DA:726,513
DA:727,513
BRDA:727,35,0,513
BRDA:727,35,1,-
DA:731,1029
DA:732,1029
DA:735,1029
DA:737,1029
DA:738,1029
DA:741,1029
DA:743,1029
FN:751,Basket._getRentBal
FNDA:1046,Basket._getRentBal
DA:753,1046
DA:754,4120
DA:756,4120
DA:758,4120
BRDA:758,36,0,4120
BRDA:758,36,1,3092
DA:760,3092
DA:764,4120
DA:768,1046
FN:776,Basket._quoteShares
FNDA:83935,Basket._quoteShares
DA:777,83935
BRDA:777,37,0,2589
BRDA:777,37,1,81346
DA:778,0
DA:780,81346
FN:792,Basket._getTnftNativeValue
FNDA:82649,Basket._getTnftNativeValue
DA:793,82649
DA:795,82649
DA:796,82649
DA:798,82649
DA:799,82649
DA:801,82649
FN:810,Basket._getUSDValue
FNDA:82649,Basket._getUSDValue
DA:811,82649
DA:814,82649
DA:815,82649
FN:824,Basket._getUsdExchangeRate
FNDA:82649,Basket._getUsdExchangeRate
DA:825,82649
DA:826,82649
DA:828,82649
DA:829,82649
BRDA:829,38,0,82649
BRDA:829,38,1,-
DA:831,82649
FN:839,Basket._getRentManager
FNDA:85141,Basket._getRentManager
DA:840,85141
FN:848,Basket._getOracle
FNDA:152408,Basket._getOracle
DA:849,152408
DA:850,152408
FN:858,Basket._getNotificationDispatcher
FNDA:69756,Basket._getNotificationDispatcher
DA:859,69756
FN:866,Basket._getBasketVrfConsumer
FNDA:1031,Basket._getBasketVrfConsumer
DA:867,1031
FN:877,Basket._isDepositedTnft
FNDA:1029,Basket._isDepositedTnft
DA:878,1029
DA:879,3246
BRDA:879,39,0,2217
BRDA:879,39,1,1029
DA:881,2217
DA:884,0
FN:893,Basket._isSupportedTnft
FNDA:69240,Basket._isSupportedTnft
DA:894,69240
DA:895,205637
BRDA:895,40,0,142212
BRDA:895,40,1,63425
DA:897,142212
DA:900,5815
FN:910,Basket._isTokenIdLibrary
FNDA:1029,Basket._isTokenIdLibrary
DA:911,1029
DA:912,2026
BRDA:912,41,0,997
BRDA:912,41,1,1029
DA:914,997
DA:917,0
FNF:35
FNH:34
LF:212
LH:207
BRF:84
BRH:39
end_of_record
TN:
SF:src/BasketManager.sol
FN:112,BasketManager.initialize
FNDA:0,BasketManager.initialize
DA:113,0
DA:114,0
DA:119,0
FN:139,BasketManager.deployBasket
FNDA:11,BasketManager.deployBasket
DA:150,11
BRDA:150,0,0,-
BRDA:150,0,1,-
DA:153,11
BRDA:153,1,0,-
BRDA:153,1,1,-
DA:156,11
DA:157,11
BRDA:157,2,0,-
BRDA:157,2,1,-
DA:160,11
BRDA:160,3,0,-
BRDA:160,3,1,-
DA:163,10
BRDA:163,4,0,-
BRDA:163,4,1,-
DA:166,9
BRDA:166,5,0,-
BRDA:166,5,1,-
DA:169,8
DA:170,10
BRDA:170,6,0,10
BRDA:170,6,1,-
DA:172,10
DA:177,8
DA:192,8
DA:194,8
DA:195,8
DA:197,8
DA:198,8
DA:201,8
DA:202,9
DA:203,9
DA:205,9
BRDA:205,7,0,9
BRDA:205,7,1,-
DA:206,8
DA:209,9
DA:210,9
DA:212,9
DA:217,8
DA:219,7
DA:220,7
FN:227,BasketManager.withdrawERC20
FNDA:3,BasketManager.withdrawERC20
DA:228,3
BRDA:228,8,0,-
BRDA:228,8,1,-
DA:230,2
DA:231,2
BRDA:231,9,0,-
BRDA:231,9,1,-
DA:233,2
BRDA:233,10,0,1
BRDA:233,10,1,-
FN:240,BasketManager.updateBasketImplementation
FNDA:0,BasketManager.updateBasketImplementation
DA:241,0
FN:248,BasketManager.setBasketsVrfConsumer
FNDA:2,BasketManager.setBasketsVrfConsumer
DA:249,2
BRDA:249,11,0,-
BRDA:249,11,1,-
DA:250,2
FN:257,BasketManager.setFeatureLimit
FNDA:2,BasketManager.setFeatureLimit
DA:258,2
BRDA:258,12,0,-
BRDA:258,12,1,-
DA:259,2
FN:266,BasketManager.getBasketsArray
FNDA:9,BasketManager.getBasketsArray
DA:267,9
FN:273,BasketManager.onERC721Received
FNDA:9,BasketManager.onERC721Received
DA:274,9
FN:289,BasketManager.checkBasketAvailability
FNDA:9,BasketManager.checkBasketAvailability
DA:290,9
DA:291,4
BRDA:291,13,0,3
BRDA:291,13,1,1
DA:293,3
DA:296,8
FN:305,BasketManager.checkBasketNameAvailability
FNDA:11,BasketManager.checkBasketNameAvailability
DA:306,11
DA:307,6
BRDA:307,14,0,5
BRDA:307,14,1,1
DA:309,5
DA:312,10
FN:321,BasketManager.checkBasketSymbolAvailability
FNDA:10,BasketManager.checkBasketSymbolAvailability
DA:322,10
DA:323,5
BRDA:323,15,0,4
BRDA:323,15,1,1
DA:325,4
DA:328,9
FN:337,BasketManager.createHash
FNDA:17,BasketManager.createHash
DA:338,17
FN:349,BasketManager._authorizeUpgrade
FNDA:0,BasketManager._authorizeUpgrade
FNF:13
FNH:10
LF:54
LH:50
BRF:32
BRH:9
end_of_record
TN:
SF:src/BasketsVrfConsumer.sol
FN:94,BasketsVrfConsumer.initialize
FNDA:0,BasketsVrfConsumer.initialize
DA:95,0
DA:96,0
DA:98,0
DA:99,0
DA:101,0
DA:102,0
FN:115,BasketsVrfConsumer.makeRequestForRandomWords
FNDA:772,BasketsVrfConsumer.makeRequestForRandomWords
DA:116,772
DA:119,772
DA:128,772
DA:129,772
DA:131,772
FN:137,BasketsVrfConsumer.updateCallbackGasLimit
FNDA:1,BasketsVrfConsumer.updateCallbackGasLimit
DA:138,1
FN:148,BasketsVrfConsumer.fulfillRandomWords
FNDA:259,BasketsVrfConsumer.fulfillRandomWords
DA:149,259
BRDA:149,0,0,-
BRDA:149,0,1,-
DA:151,259
DA:152,259
DA:154,259
DA:156,259
DA:157,259
DA:158,259
FN:164,BasketsVrfConsumer._authorizeUpgrade
FNDA:0,BasketsVrfConsumer._authorizeUpgrade
FNF:5
FNH:3
LF:19
LH:13
BRF:2
BRH:0
end_of_record
TN:
SF:src/abstract/Owned.sol
FN:38,Owned2Step.pushOwnership
FNDA:0,Owned2Step.pushOwnership
DA:39,0
BRDA:39,0,0,-
BRDA:39,0,1,-
DA:40,0
FN:46,Owned2Step.pullOwnership
FNDA:0,Owned2Step.pullOwnership
DA:47,0
BRDA:47,1,0,-
BRDA:47,1,1,-
DA:48,0
DA:49,0
FN:52,Owned2Step._onlyOwner
FNDA:0,Owned2Step._onlyOwner
DA:53,0
BRDA:53,2,0,-
BRDA:53,2,1,-
FNF:3
FNH:0
LF:6
LH:0
BRF:6
BRH:0
end_of_record
TN:
SF:src/abstract/RebaseTokenUpgradeable.sol
FN:36,RebaseTokenUpgradeable._getRebaseTokenStorage
FNDA:338572,RebaseTokenUpgradeable._getRebaseTokenStorage
DA:39,0
FN:56,RebaseTokenUpgradeable.__RebaseToken_init
FNDA:8,RebaseTokenUpgradeable.__RebaseToken_init
DA:57,0
DA:58,8
FN:61,RebaseTokenUpgradeable.__RebaseToken_init_unchained
FNDA:8,RebaseTokenUpgradeable.__RebaseToken_init_unchained
FN:70,RebaseTokenUpgradeable.multiplier
FNDA:13,RebaseTokenUpgradeable.multiplier
DA:71,13
DA:72,13
FN:84,RebaseTokenUpgradeable.balanceOf
FNDA:58310,RebaseTokenUpgradeable.balanceOf
DA:85,58310
DA:86,58310
FN:97,RebaseTokenUpgradeable.totalSupply
FNDA:209442,RebaseTokenUpgradeable.totalSupply
DA:98,209442
DA:99,209442
FN:110,RebaseTokenUpgradeable._setMultiplier
FNDA:21,RebaseTokenUpgradeable._setMultiplier
DA:111,21
DA:112,21
BRDA:112,0,0,21
BRDA:112,0,1,21
DA:113,21
DA:114,21
DA:115,21
FN:130,RebaseTokenUpgradeable._transferableShares
FNDA:1030,RebaseTokenUpgradeable._transferableShares
DA:131,1030
DA:132,1030
DA:133,1030
DA:134,1030
DA:135,1030
BRDA:135,1,0,1030
BRDA:135,1,1,-
DA:136,0
DA:138,1030
BRDA:138,2,0,1030
BRDA:138,2,1,515
DA:139,515
FN:152,RebaseTokenUpgradeable._update
FNDA:69756,RebaseTokenUpgradeable._update
DA:153,69756
DA:154,69756
DA:155,69756
DA:156,69756
BRDA:156,3,0,68726
BRDA:156,3,1,1030
DA:157,68726
DA:158,68726
DA:159,68726
DA:161,1030
DA:164,1030
DA:168,68726
BRDA:168,4,0,1029
BRDA:168,4,1,68727
DA:171,1029
DA:177,68727
DA:181,69756
FN:193,RebaseTokenUpgradeable._checkRebaseOverflow
FNDA:68747,RebaseTokenUpgradeable._checkRebaseOverflow
DA:196,68747
BRDA:196,5,0,-
BRDA:196,5,1,-
FNF:10
FNH:10
LF:36
LH:33
BRF:12
BRH:9
end_of_record
TN:
SF:src/abstract/VRFConsumerBaseV2Upgradeable.sol
FN:106,VRFConsumerBaseV2Upgradeable.__VRFConsumerBase_init
FNDA:0,VRFConsumerBaseV2Upgradeable.__VRFConsumerBase_init
DA:107,0
FN:129,VRFConsumerBaseV2Upgradeable.rawFulfillRandomWords
FNDA:259,VRFConsumerBaseV2Upgradeable.rawFulfillRandomWords
DA:130,259
BRDA:130,0,0,259
BRDA:130,0,1,-
DA:131,0
DA:133,259
FNF:2
FNH:1
LF:4
LH:2
BRF:2
BRH:1
end_of_record
TN:
SF:src/libraries/ArrayUtils.sol
FN:17,ArrayUtils.sort
FNDA:0,ArrayUtils.sort
DA:18,0
DA:19,0
DA:20,0
DA:23,0
DA:24,0
DA:26,0
DA:31,0
DA:32,0
DA:36,0
FNF:1
FNH:0
LF:9
LH:0
BRF:0
BRH:0
end_of_record
TN:
SF:src/libraries/RebaseTokenMath.sol
FN:23,RebaseTokenMath.toShares
FNDA:0,RebaseTokenMath.toShares
DA:24,0
FN:35,RebaseTokenMath.toTokens
FNDA:0,RebaseTokenMath.toTokens
DA:36,0
FNF:2
FNH:0
LF:2
LH:0
BRF:0
BRH:0
end_of_record
TN:
SF:src/proxy/beacon/BasketBeaconProxy.sol
FN:30,BasketBeaconProxy.implementation
FNDA:2,BasketBeaconProxy.implementation
DA:31,2
FN:37,BasketBeaconProxy.getBeacon
FNDA:2,BasketBeaconProxy.getBeacon
DA:38,2
FNF:2
FNH:2
LF:2
LH:2
BRF:0
BRH:0
end_of_record
TN:
SF:test/BasicProxies.t.sol
FN:29,CounterContract1.initialize
FNDA:0,CounterContract1.initialize
DA:30,0
FN:33,CounterContract1.increment
FNDA:1,CounterContract1.increment
DA:34,1
FN:37,CounterContract1._authorizeUpgrade
FNDA:1,CounterContract1._authorizeUpgrade
DA:38,2
BRDA:38,0,0,-
BRDA:38,0,1,-
FN:47,CounterContract2.initialize
FNDA:0,CounterContract2.initialize
DA:48,0
FN:51,CounterContract2.increment
FNDA:0,CounterContract2.increment
DA:52,0
FN:55,CounterContract2._authorizeUpgrade
FNDA:0,CounterContract2._authorizeUpgrade
DA:56,0
BRDA:56,0,0,-
BRDA:56,0,1,-
FNF:6
FNH:2
LF:6
LH:2
BRF:4
BRH:0
end_of_record
TN:
SF:test/BeaconProxies.t.sol
FN:18,CounterContract.initialize
FNDA:2,CounterContract.initialize
DA:19,2
FN:22,CounterContract.increment
FNDA:2,CounterContract.increment
DA:23,2
FNF:2
FNH:2
LF:2
LH:2
BRF:0
BRH:0
end_of_record
TN:
SF:test/utils/Utility.sol
FN:83,Utility._asSingletonArrayUint
FNDA:0,Utility._asSingletonArrayUint
DA:84,0
DA:85,0
DA:87,0
FN:91,Utility._asSingletonArrayAddress
FNDA:0,Utility._asSingletonArrayAddress
DA:92,0
DA:93,0
DA:95,0
FN:99,Utility._asSingletonArrayString
FNDA:0,Utility._asSingletonArrayString
DA:100,0
DA:101,0
DA:103,0
FN:107,Utility.assertWithinPrecision
FNDA:0,Utility.assertWithinPrecision
DA:108,0
DA:109,0
BRDA:109,0,0,-
BRDA:109,0,1,-
DA:111,0
DA:112,0
DA:114,0
BRDA:114,1,0,-
BRDA:114,1,1,-
DA:115,0
DA:116,0
DA:117,0
DA:118,0
FN:123,Utility.assertWithinDiff
FNDA:0,Utility.assertWithinDiff
DA:124,0
DA:125,0
DA:127,0
BRDA:127,2,0,-
BRDA:127,2,1,-
DA:128,0
DA:129,0
DA:130,0
DA:131,0
DA:132,0
FNF:5
FNH:0
LF:26
LH:0
BRF:6
BRH:0
end_of_record
TN:
SF:test/utils/VRFCoordinatorV2Mock.sol
FN:59,VRFCoordinatorV2Mock.consumerIsAdded
FNDA:772,VRFCoordinatorV2Mock.consumerIsAdded
DA:60,772
DA:61,772
DA:62,772
BRDA:62,0,0,-
BRDA:62,0,1,772
DA:63,772
DA:66,0
FN:87,VRFCoordinatorV2Mock.fulfillRandomWords
FNDA:0,VRFCoordinatorV2Mock.fulfillRandomWords
DA:88,0
FN:98,VRFCoordinatorV2Mock.fulfillRandomWordsWithOverride
FNDA:0,VRFCoordinatorV2Mock.fulfillRandomWordsWithOverride
DA:103,0
DA:104,0
BRDA:104,1,0,-
BRDA:104,1,1,-
DA:105,0
DA:107,0
DA:109,0
BRDA:109,2,0,-
BRDA:109,2,1,-
DA:110,0
DA:111,0
DA:112,0
DA:114,0
BRDA:114,3,0,-
BRDA:114,3,1,-
DA:115,0
DA:118,0
DA:119,0
DA:120,0
DA:122,0
DA:123,0
BRDA:123,4,0,-
BRDA:123,4,1,-
DA:124,0
DA:126,0
DA:127,0
DA:128,0
FN:137,VRFCoordinatorV2Mock.fundSubscription
FNDA:0,VRFCoordinatorV2Mock.fundSubscription
DA:138,0
BRDA:138,5,0,-
BRDA:138,5,1,-
DA:139,0
DA:141,0
DA:142,0
DA:143,0
FN:146,VRFCoordinatorV2Mock.requestRandomWords
FNDA:772,VRFCoordinatorV2Mock.requestRandomWords
DA:153,772
BRDA:153,6,0,772
BRDA:153,6,1,-
DA:154,0
DA:157,772
DA:158,772
DA:160,772
DA:162,772
DA:172,772
FN:175,VRFCoordinatorV2Mock.createSubscription
FNDA:0,VRFCoordinatorV2Mock.createSubscription
DA:176,0
DA:177,0
DA:178,0
DA:179,0
FN:182,VRFCoordinatorV2Mock.getSubscription
FNDA:0,VRFCoordinatorV2Mock.getSubscription
DA:193,0
BRDA:193,7,0,-
BRDA:193,7,1,-
DA:194,0
DA:196,0
FN:199,VRFCoordinatorV2Mock.cancelSubscription
FNDA:0,VRFCoordinatorV2Mock.cancelSubscription
DA:200,0
DA:201,0
FN:215,VRFCoordinatorV2Mock.getRequestConfig
FNDA:0,VRFCoordinatorV2Mock.getRequestConfig
DA:225,0
FN:228,VRFCoordinatorV2Mock.addConsumer
FNDA:0,VRFCoordinatorV2Mock.addConsumer
DA:229,0
BRDA:229,8,0,-
BRDA:229,8,1,-
DA:230,0
DA:233,0
BRDA:233,9,0,-
BRDA:233,9,1,-
DA:234,0
DA:237,0
DA:238,0
FN:241,VRFCoordinatorV2Mock.removeConsumer
FNDA:0,VRFCoordinatorV2Mock.removeConsumer
DA:247,0
DA:248,0
DA:249,0
BRDA:249,10,0,-
BRDA:249,10,1,-
DA:250,0
DA:251,0
DA:252,0
DA:253,0
DA:257,0
FN:260,VRFCoordinatorV2Mock.getConfig
FNDA:0,VRFCoordinatorV2Mock.getConfig
DA:270,0
FN:273,VRFCoordinatorV2Mock.getFeeConfig
FNDA:0,VRFCoordinatorV2Mock.getFeeConfig
DA:288,0
FN:301,VRFCoordinatorV2Mock.getFallbackWeiPerUnitLink
FNDA:0,VRFCoordinatorV2Mock.getFallbackWeiPerUnitLink
DA:302,0
FN:305,VRFCoordinatorV2Mock.requestSubscriptionOwnerTransfer
FNDA:0,VRFCoordinatorV2Mock.requestSubscriptionOwnerTransfer
DA:306,0
FN:309,VRFCoordinatorV2Mock.acceptSubscriptionOwnerTransfer
FNDA:0,VRFCoordinatorV2Mock.acceptSubscriptionOwnerTransfer
DA:310,0
FN:313,VRFCoordinatorV2Mock.pendingRequestExists
FNDA:0,VRFCoordinatorV2Mock.pendingRequestExists
DA:314,0
FNF:17
FNH:2
LF:67
LH:10
BRF:22
BRH:2
end_of_record
